<?xml version="1.0" encoding="UTF-8"?>
<!-- Generated by org.testng.reporters.JUnitReportReporter -->
<testsuite hostname="DESKTOP-T3H5MLF" failures="0" tests="1" name="com.crm.contacttest.CreateContactTest" time="235.542" errors="0" timestamp="2024-07-15T12:09:55 IST" skipped="0">
  <testcase classname="com.crm.contacttest.CreateContactTest" name="createContact" time="235.542"/>
</testsuite> <!-- com.crm.contacttest.CreateContactTest -->
