<?xml version="1.0" encoding="UTF-8"?>
<!-- Generated by org.testng.reporters.JUnitReportReporter -->
<testsuite hostname="DESKTOP-T3H5MLF" failures="0" tests="4" name="com.crm.orgtest.CreateOrganizationTest" time="71.514" errors="0" timestamp="2024-07-12T12:52:25 IST" skipped="0">
  <testcase classname="com.crm.orgtest.CreateOrganizationTest" name="createOrgWithIndusType" time="16.762"/>
  <testcase classname="com.crm.orgtest.CreateOrganizationTest" name="createOrgWithPhNo" time="17.130"/>
  <testcase classname="com.crm.orgtest.CreateOrganizationTest" name="createOrg" time="17.139"/>
  <testcase classname="com.crm.orgtest.CreateOrganizationTest" name="deleteOrg" time="20.483"/>
</testsuite> <!-- com.crm.orgtest.CreateOrganizationTest -->
