<?xml version="1.0" encoding="UTF-8"?>
<!-- Generated by org.testng.reporters.JUnitXMLReporter -->
<testsuite ignored="0" hostname="DESKTOP-T3H5MLF" failures="0" tests="3" name="Test-2" time="65.794" errors="0" timestamp="2024-07-10T11:51:10 IST">
  <testcase classname="com.crm.contacttest.CreateContactTest" name="createContact" time="12.139"/>
  <testcase classname="com.crm.contacttest.CreateContactTest" name="createContactWithOrg" time="23.322"/>
  <testcase classname="com.crm.contacttest.CreateContactTest" name="createContactWithSupDate" time="11.19"/>
</testsuite> <!-- Test-2 -->
