<?xml version="1.0" encoding="UTF-8"?>
<!-- Generated by org.testng.reporters.JUnitXMLReporter -->
<testsuite ignored="2" hostname="DESKTOP-T3H5MLF" failures="0" tests="7" name="Test-2 Edge" time="155.768" errors="0" timestamp="2024-07-10T12:35:59 IST">
  <testcase classname="com.crm.orgtest.CreateOrganizationTest" name="createOrg" time="12.151"/>
  <testcase classname="com.crm.orgtest.CreateOrganizationTest" name="createOrgWithIndusType" time="14.095"/>
  <testcase classname="com.crm.orgtest.CreateOrganizationTest" name="createOrgWithPhNo" time="11.471"/>
  <testcase classname="com.crm.orgtest.CreateOrganizationTest" name="deleteOrg" time="15.965"/>
  <testcase classname="com.crm.contacttest.CreateContactTest" name="createContact" time="11.783"/>
  <testcase classname="com.crm.contacttest.CreateContactTest" name="createContactWithOrg" time="26.73"/>
  <testcase classname="com.crm.contacttest.CreateContactTest" name="createContactWithSupDate" time="12.305"/>
  <testcase classname="com.crm.basetest.BaseClass" name="@BeforeSuite configBefoSuite" time="0.0">
    <ignored/>
  </testcase> <!-- @BeforeSuite configBefoSuite -->
  <testcase classname="com.crm.basetest.BaseClass" name="@AfterSuite configAftSuite" time="0.0">
    <ignored/>
  </testcase> <!-- @AfterSuite configAftSuite -->
</testsuite> <!-- Test-2 Edge -->
