<?xml version="1.0" encoding="UTF-8"?>
<!-- Generated by org.testng.reporters.JUnitXMLReporter -->
<testsuite ignored="2" hostname="DESKTOP-T3H5MLF" failures="0" tests="7" name="Test-1 Chrome" time="149.049" errors="0" timestamp="2024-07-10T12:35:52 IST">
  <testcase classname="com.crm.orgtest.CreateOrganizationTest" name="createOrg" time="12.23"/>
  <testcase classname="com.crm.orgtest.CreateOrganizationTest" name="createOrgWithIndusType" time="14.671"/>
  <testcase classname="com.crm.orgtest.CreateOrganizationTest" name="createOrgWithPhNo" time="11.462"/>
  <testcase classname="com.crm.orgtest.CreateOrganizationTest" name="deleteOrg" time="15.936"/>
  <testcase classname="com.crm.contacttest.CreateContactTest" name="createContact" time="11.616"/>
  <testcase classname="com.crm.contacttest.CreateContactTest" name="createContactWithOrg" time="24.445"/>
  <testcase classname="com.crm.contacttest.CreateContactTest" name="createContactWithSupDate" time="13.459"/>
  <testcase classname="com.crm.basetest.BaseClass" name="@AfterSuite configAftSuite" time="0.0">
    <ignored/>
  </testcase> <!-- @AfterSuite configAftSuite -->
  <testcase classname="com.crm.basetest.BaseClass" name="@BeforeSuite configBefoSuite" time="0.0">
    <ignored/>
  </testcase> <!-- @BeforeSuite configBefoSuite -->
</testsuite> <!-- Test-1 Chrome -->
