<?xml version="1.0" encoding="UTF-8"?>
<!-- Generated by org.testng.reporters.JUnitXMLReporter -->
<testsuite ignored="0" hostname="DESKTOP-T3H5MLF" failures="0" tests="4" name="Test-1" time="72.649" errors="0" timestamp="2024-07-10T11:51:17 IST">
  <testcase classname="com.crm.orgtest.CreateOrganizationTest" name="createOrg" time="12.267"/>
  <testcase classname="com.crm.orgtest.CreateOrganizationTest" name="createOrgWithIndusType" time="11.81"/>
  <testcase classname="com.crm.orgtest.CreateOrganizationTest" name="createOrgWithPhNo" time="10.738"/>
  <testcase classname="com.crm.orgtest.CreateOrganizationTest" name="deleteOrg" time="14.01"/>
</testsuite> <!-- Test-1 -->
